{"C:\\Users\\Victor\\Desktop\\Victor\\Udemy React\\rest_api_node_ts_server\\src\\router.ts": {"path":"C:\\Users\\Victor\\Desktop\\Victor\\Udemy React\\rest_api_node_ts_server\\src\\router.ts","statementMap":{"0":{"start":{"line":1,"column":0},"end":{"line":1,"column":33}},"1":{"start":{"line":2,"column":0},"end":{"line":2,"column":48}},"2":{"start":{"line":3,"column":0},"end":{"line":3,"column":null}},"3":{"start":{"line":11,"column":0},"end":{"line":11,"column":48}},"4":{"start":{"line":12,"column":13},"end":{"line":12,"column":31}},"5":{"start":{"line":17,"column":0},"end":{"line":17,"column":29}},"6":{"start":{"line":20,"column":0},"end":{"line":30,"column":2}},"7":{"start":{"line":33,"column":0},"end":{"line":53,"column":2}},"8":{"start":{"line":56,"column":0},"end":{"line":87,"column":2}},"9":{"start":{"line":90,"column":0},"end":{"line":99,"column":2}},"10":{"start":{"line":101,"column":0},"end":{"line":111,"column":2}}},"fnMap":{},"branchMap":{},"s":{"0":2,"1":2,"2":2,"3":2,"4":2,"5":2,"6":2,"7":2,"8":2,"9":2,"10":2},"f":{},"b":{}}
,"C:\\Users\\Victor\\Desktop\\Victor\\Udemy React\\rest_api_node_ts_server\\src\\server.ts": {"path":"C:\\Users\\Victor\\Desktop\\Victor\\Udemy React\\rest_api_node_ts_server\\src\\server.ts","statementMap":{"0":{"start":{"line":1,"column":0},"end":{"line":1,"column":30}},"1":{"start":{"line":2,"column":0},"end":{"line":2,"column":27}},"2":{"start":{"line":3,"column":0},"end":{"line":3,"column":34}},"3":{"start":{"line":4,"column":0},"end":{"line":4,"column":33}},"4":{"start":{"line":7,"column":15},"end":{"line":7,"column":24}},"5":{"start":{"line":10,"column":0},"end":{"line":10,"column":null}},"6":{"start":{"line":13,"column":18},"end":{"line":21,"column":1}},"7":{"start":{"line":14,"column":2},"end":{"line":20,"column":3}},"8":{"start":{"line":15,"column":4},"end":{"line":15,"column":28}},"9":{"start":{"line":16,"column":4},"end":{"line":16,"column":68}},"10":{"start":{"line":19,"column":4},"end":{"line":19,"column":80}},"11":{"start":{"line":23,"column":0},"end":{"line":23,"column":12}},"12":{"start":{"line":28,"column":0},"end":{"line":28,"column":36}},"13":{"start":{"line":31,"column":0},"end":{"line":33,"column":null}},"14":{"start":{"line":32,"column":2},"end":{"line":32,"column":null}},"15":{"start":{"line":35,"column":0},"end":{"line":35,"column":22}}},"fnMap":{"0":{"name":"(anonymous_1)","decl":{"start":{"line":13,"column":18},"end":{"line":13,"column":23}},"loc":{"start":{"line":13,"column":29},"end":{"line":21,"column":1}}},"1":{"name":"(anonymous_2)","decl":{"start":{"line":31,"column":19},"end":{"line":31,"column":20}},"loc":{"start":{"line":31,"column":31},"end":{"line":33,"column":1}}}},"branchMap":{},"s":{"0":2,"1":2,"2":2,"3":2,"4":2,"5":2,"6":2,"7":2,"8":2,"9":1,"10":0,"11":2,"12":2,"13":2,"14":1,"15":2},"f":{"0":2,"1":1},"b":{}}
,"C:\\Users\\Victor\\Desktop\\Victor\\Udemy React\\rest_api_node_ts_server\\src\\config\\db.ts": {"path":"C:\\Users\\Victor\\Desktop\\Victor\\Udemy React\\rest_api_node_ts_server\\src\\config\\db.ts","statementMap":{"0":{"start":{"line":1,"column":0},"end":{"line":1,"column":46}},"1":{"start":{"line":2,"column":0},"end":{"line":2,"column":28}},"2":{"start":{"line":4,"column":0},"end":{"line":4,"column":38}},"3":{"start":{"line":6,"column":13},"end":{"line":10,"column":3}}},"fnMap":{},"branchMap":{},"s":{"0":2,"1":2,"2":2,"3":2},"f":{},"b":{}}
,"C:\\Users\\Victor\\Desktop\\Victor\\Udemy React\\rest_api_node_ts_server\\src\\handlers\\product.ts": {"path":"C:\\Users\\Victor\\Desktop\\Victor\\Udemy React\\rest_api_node_ts_server\\src\\handlers\\product.ts","statementMap":{"0":{"start":{"line":2,"column":0},"end":{"line":2,"column":46}},"1":{"start":{"line":5,"column":29},"end":{"line":25,"column":1}},"2":{"start":{"line":21,"column":18},"end":{"line":21,"column":48}},"3":{"start":{"line":24,"column":4},"end":{"line":24,"column":44}},"4":{"start":{"line":5,"column":13},"end":{"line":5,"column":29}},"5":{"start":{"line":28,"column":27},"end":{"line":34,"column":1}},"6":{"start":{"line":29,"column":21},"end":{"line":31,"column":6}},"7":{"start":{"line":33,"column":4},"end":{"line":33,"column":33}},"8":{"start":{"line":28,"column":13},"end":{"line":28,"column":27}},"9":{"start":{"line":37,"column":30},"end":{"line":46,"column":1}},"10":{"start":{"line":38,"column":17},"end":{"line":38,"column":27}},"11":{"start":{"line":39,"column":20},"end":{"line":39,"column":46}},"12":{"start":{"line":41,"column":4},"end":{"line":43,"column":5}},"13":{"start":{"line":42,"column":6},"end":{"line":42,"column":66}},"14":{"start":{"line":45,"column":4},"end":{"line":45,"column":32}},"15":{"start":{"line":37,"column":13},"end":{"line":37,"column":30}},"16":{"start":{"line":49,"column":29},"end":{"line":63,"column":1}},"17":{"start":{"line":51,"column":19},"end":{"line":51,"column":29}},"18":{"start":{"line":52,"column":20},"end":{"line":52,"column":46}},"19":{"start":{"line":55,"column":4},"end":{"line":57,"column":5}},"20":{"start":{"line":56,"column":6},"end":{"line":56,"column":66}},"21":{"start":{"line":60,"column":4},"end":{"line":60,"column":35}},"22":{"start":{"line":62,"column":4},"end":{"line":62,"column":32}},"23":{"start":{"line":49,"column":13},"end":{"line":49,"column":29}},"24":{"start":{"line":66,"column":34},"end":{"line":85,"column":1}},"25":{"start":{"line":68,"column":19},"end":{"line":68,"column":29}},"26":{"start":{"line":70,"column":20},"end":{"line":70,"column":46}},"27":{"start":{"line":71,"column":4},"end":{"line":73,"column":5}},"28":{"start":{"line":72,"column":6},"end":{"line":72,"column":66}},"29":{"start":{"line":79,"column":4},"end":{"line":79,"column":60}},"30":{"start":{"line":82,"column":4},"end":{"line":82,"column":25}},"31":{"start":{"line":84,"column":4},"end":{"line":84,"column":32}},"32":{"start":{"line":66,"column":13},"end":{"line":66,"column":34}},"33":{"start":{"line":88,"column":29},"end":{"line":101,"column":1}},"34":{"start":{"line":90,"column":19},"end":{"line":90,"column":29}},"35":{"start":{"line":91,"column":20},"end":{"line":91,"column":46}},"36":{"start":{"line":92,"column":4},"end":{"line":94,"column":5}},"37":{"start":{"line":93,"column":6},"end":{"line":93,"column":66}},"38":{"start":{"line":97,"column":4},"end":{"line":97,"column":28}},"39":{"start":{"line":100,"column":4},"end":{"line":100,"column":45}},"40":{"start":{"line":88,"column":13},"end":{"line":88,"column":29}}},"fnMap":{"0":{"name":"(anonymous_1)","decl":{"start":{"line":5,"column":29},"end":{"line":5,"column":34}},"loc":{"start":{"line":5,"column":67},"end":{"line":25,"column":1}}},"1":{"name":"(anonymous_2)","decl":{"start":{"line":28,"column":27},"end":{"line":28,"column":32}},"loc":{"start":{"line":28,"column":65},"end":{"line":34,"column":1}}},"2":{"name":"(anonymous_3)","decl":{"start":{"line":37,"column":30},"end":{"line":37,"column":35}},"loc":{"start":{"line":37,"column":68},"end":{"line":46,"column":1}}},"3":{"name":"(anonymous_4)","decl":{"start":{"line":49,"column":29},"end":{"line":49,"column":34}},"loc":{"start":{"line":49,"column":67},"end":{"line":63,"column":1}}},"4":{"name":"(anonymous_5)","decl":{"start":{"line":66,"column":34},"end":{"line":66,"column":39}},"loc":{"start":{"line":66,"column":72},"end":{"line":85,"column":1}}},"5":{"name":"(anonymous_6)","decl":{"start":{"line":88,"column":29},"end":{"line":88,"column":34}},"loc":{"start":{"line":88,"column":67},"end":{"line":101,"column":1}}}},"branchMap":{"0":{"loc":{"start":{"line":41,"column":4},"end":{"line":43,"column":5}},"type":"if","locations":[{"start":{"line":41,"column":4},"end":{"line":43,"column":5}},{"start":{},"end":{}}]},"1":{"loc":{"start":{"line":55,"column":4},"end":{"line":57,"column":5}},"type":"if","locations":[{"start":{"line":55,"column":4},"end":{"line":57,"column":5}},{"start":{},"end":{}}]},"2":{"loc":{"start":{"line":71,"column":4},"end":{"line":73,"column":5}},"type":"if","locations":[{"start":{"line":71,"column":4},"end":{"line":73,"column":5}},{"start":{},"end":{}}]},"3":{"loc":{"start":{"line":92,"column":4},"end":{"line":94,"column":5}},"type":"if","locations":[{"start":{"line":92,"column":4},"end":{"line":94,"column":5}},{"start":{},"end":{}}]}},"s":{"0":2,"1":2,"2":1,"3":1,"4":2,"5":2,"6":2,"7":2,"8":2,"9":2,"10":2,"11":2,"12":2,"13":1,"14":1,"15":2,"16":2,"17":2,"18":2,"19":2,"20":1,"21":1,"22":1,"23":2,"24":2,"25":0,"26":0,"27":0,"28":0,"29":0,"30":0,"31":0,"32":2,"33":2,"34":2,"35":2,"36":2,"37":1,"38":1,"39":1,"40":2},"f":{"0":1,"1":2,"2":2,"3":2,"4":0,"5":2},"b":{"0":[1,1],"1":[1,1],"2":[0,0],"3":[1,1]}}
,"C:\\Users\\Victor\\Desktop\\Victor\\Udemy React\\rest_api_node_ts_server\\src\\middelware\\index.ts": {"path":"C:\\Users\\Victor\\Desktop\\Victor\\Udemy React\\rest_api_node_ts_server\\src\\middelware\\index.ts","statementMap":{"0":{"start":{"line":2,"column":0},"end":{"line":2,"column":53}},"1":{"start":{"line":4,"column":32},"end":{"line":12,"column":1}},"2":{"start":{"line":5,"column":17},"end":{"line":5,"column":38}},"3":{"start":{"line":7,"column":2},"end":{"line":9,"column":3}},"4":{"start":{"line":8,"column":4},"end":{"line":8,"column":60}},"5":{"start":{"line":11,"column":2},"end":{"line":11,"column":9}},"6":{"start":{"line":4,"column":13},"end":{"line":4,"column":32}}},"fnMap":{"0":{"name":"(anonymous_0)","decl":{"start":{"line":4,"column":32},"end":{"line":4,"column":33}},"loc":{"start":{"line":4,"column":84},"end":{"line":12,"column":1}}}},"branchMap":{"0":{"loc":{"start":{"line":7,"column":2},"end":{"line":9,"column":3}},"type":"if","locations":[{"start":{"line":7,"column":2},"end":{"line":9,"column":3}},{"start":{},"end":{}}]}},"s":{"0":2,"1":2,"2":15,"3":15,"4":8,"5":7,"6":2},"f":{"0":15},"b":{"0":[8,7]}}
,"C:\\Users\\Victor\\Desktop\\Victor\\Udemy React\\rest_api_node_ts_server\\src\\models\\Product.model.ts": {"path":"C:\\Users\\Victor\\Desktop\\Victor\\Udemy React\\rest_api_node_ts_server\\src\\models\\Product.model.ts","statementMap":{"0":{"start":{"line":1,"column":0},"end":{"line":1,"column":79}},"1":{"start":{"line":8,"column":0},"end":{"line":23,"column":null}},"2":{"start":{"line":13,"column":10},"end":{"line":13,"column":null}},"3":{"start":{"line":17,"column":10},"end":{"line":17,"column":null}},"4":{"start":{"line":22,"column":10},"end":{"line":22,"column":null}},"5":{"start":{"line":8,"column":6},"end":{"line":23,"column":null}},"6":{"start":{"line":25,"column":0},"end":{"line":25,"column":23}}},"fnMap":{},"branchMap":{},"s":{"0":2,"1":2,"2":2,"3":2,"4":2,"5":2,"6":2},"f":{},"b":{}}
}
