TN:
SF:src\router.ts
FNF:0
FNH:0
DA:1,2
DA:2,2
DA:3,2
DA:11,2
DA:12,2
DA:17,2
DA:20,2
DA:33,2
DA:56,2
DA:90,2
DA:101,2
LF:11
LH:11
BRF:0
BRH:0
end_of_record
TN:
SF:src\server.ts
FN:13,(anonymous_1)
FN:31,(anonymous_2)
FNF:2
FNH:2
FNDA:2,(anonymous_1)
FNDA:1,(anonymous_2)
DA:1,2
DA:2,2
DA:3,2
DA:4,2
DA:7,2
DA:10,2
DA:13,2
DA:14,2
DA:15,2
DA:16,1
DA:19,0
DA:23,2
DA:28,2
DA:31,2
DA:32,1
DA:35,2
LF:16
LH:15
BRF:0
BRH:0
end_of_record
TN:
SF:src\config\db.ts
FNF:0
FNH:0
DA:1,2
DA:2,2
DA:4,2
DA:6,2
LF:4
LH:4
BRF:0
BRH:0
end_of_record
TN:
SF:src\handlers\product.ts
FN:5,(anonymous_1)
FN:28,(anonymous_2)
FN:37,(anonymous_3)
FN:49,(anonymous_4)
FN:66,(anonymous_5)
FN:88,(anonymous_6)
FNF:6
FNH:5
FNDA:1,(anonymous_1)
FNDA:2,(anonymous_2)
FNDA:2,(anonymous_3)
FNDA:2,(anonymous_4)
FNDA:0,(anonymous_5)
FNDA:2,(anonymous_6)
DA:2,2
DA:5,2
DA:21,1
DA:24,1
DA:28,2
DA:29,2
DA:33,2
DA:37,2
DA:38,2
DA:39,2
DA:41,2
DA:42,1
DA:45,1
DA:49,2
DA:51,2
DA:52,2
DA:55,2
DA:56,1
DA:60,1
DA:62,1
DA:66,2
DA:68,0
DA:70,0
DA:71,0
DA:72,0
DA:79,0
DA:82,0
DA:84,0
DA:88,2
DA:90,2
DA:91,2
DA:92,2
DA:93,1
DA:97,1
DA:100,1
LF:35
LH:28
BRDA:41,0,0,1
BRDA:41,0,1,1
BRDA:55,1,0,1
BRDA:55,1,1,1
BRDA:71,2,0,0
BRDA:71,2,1,0
BRDA:92,3,0,1
BRDA:92,3,1,1
BRF:8
BRH:6
end_of_record
TN:
SF:src\middelware\index.ts
FN:4,(anonymous_0)
FNF:1
FNH:1
FNDA:15,(anonymous_0)
DA:2,2
DA:4,2
DA:5,15
DA:7,15
DA:8,8
DA:11,7
LF:6
LH:6
BRDA:7,0,0,8
BRDA:7,0,1,7
BRF:2
BRH:2
end_of_record
TN:
SF:src\models\Product.model.ts
FNF:0
FNH:0
DA:1,2
DA:8,2
DA:13,2
DA:17,2
DA:22,2
DA:25,2
LF:6
LH:6
BRF:0
BRH:0
end_of_record
